[debug] ----------------------------------------------------------------------
[debug] Command:      /usr/local/bin/node /usr/local/bin/firebase deploy
[debug] CLI Version:  3.5.0
[debug] Platform:     darwin
[debug] Node Version: v6.10.3
[debug] Time:         Fri May 12 2017 15:16:33 GMT+0800 (CST)
[debug] ----------------------------------------------------------------------
[debug] 
[debug] > command requires scopes: ["email","openid","https://www.googleapis.com/auth/cloudplatformprojects.readonly","https://www.googleapis.com/auth/firebase","https://www.googleapis.com/auth/cloud-platform"]
[debug] >>> HTTP REQUEST GET https://admin.firebase.com/v1/projects/friendlychat-84baf  
 Fri May 12 2017 15:16:33 GMT+0800 (CST)
[debug] <<< HTTP RESPONSE 200
[debug] >>> HTTP REQUEST GET https://admin.firebase.com/v1/database/friendlychat-84baf/tokens  
 Fri May 12 2017 15:16:34 GMT+0800 (CST)
[debug] <<< HTTP RESPONSE 200
[info] 
[info] === Deploying to 'friendlychat-84baf'...
[info] 
[info] i  deploying database, functions, hosting
[info] ✔  database: rules ready to deploy.
[debug] > [functions] package.json contents: {
  "name": "functions",
  "description": "Cloud Functions for Firebase",
  "dependencies": {
    "firebase-admin": "^4.1.2",
    "firebase-functions": "^0.5"
  },
  "private": true
}
[info] i  functions: ensuring necessary APIs are enabled...
[info] i  runtimeconfig: ensuring necessary APIs are enabled...
[debug] >>> HTTP REQUEST GET https://servicemanagement.googleapis.com/v1/services/cloudfunctions.googleapis.com/projectSettings/friendlychat-84baf?view=CONSUMER_VIEW  
 Fri May 12 2017 15:16:37 GMT+0800 (CST)
[debug] >>> HTTP REQUEST GET https://servicemanagement.googleapis.com/v1/services/runtimeconfig.googleapis.com/projectSettings/friendlychat-84baf?view=CONSUMER_VIEW  
 Fri May 12 2017 15:16:37 GMT+0800 (CST)
[debug] <<< HTTP RESPONSE 200
[info] ✔  runtimeconfig: all necessary APIs are enabled
[debug] <<< HTTP RESPONSE 200
[info] ✔  functions: all necessary APIs are enabled
[debug] >>> HTTP REQUEST GET https://appengine.googleapis.com/v1/apps/friendlychat-84baf  
 Fri May 12 2017 15:16:38 GMT+0800 (CST)
[debug] >>> HTTP REQUEST GET https://apikeys.googleapis.com/v1/projects/friendlychat-84baf/apiKeys  
 Fri May 12 2017 15:16:38 GMT+0800 (CST)
[debug] <<< HTTP RESPONSE 200
[debug] <<< HTTP RESPONSE 200
